<?xml version="1.0" encoding="UTF-8"?>
<!-- Generated by org.testng.reporters.JUnitXMLReporter -->
<testsuite ignored="0" hostname="DESKTOP-7QU5CGR" failures="0" tests="3" name="Test" time="194.454" errors="0" timestamp="17 May 2024 10:30:17 GMT">
  <testcase classname="com.comcast.crm.contactAllTest.CreateContactTest" name="CreateConatctTest" time="66.166"/>
  <testcase classname="com.comcast.crm.contactAllTest.CreateContactTest" name="createContactWithOrgTest" time="41.103"/>
  <testcase classname="com.comcast.crm.contactAllTest.CreateContactTest" name="createContactWithSupportDateTest" time="19.931"/>
</testsuite> <!-- Test -->
