<?xml version="1.0" encoding="UTF-8"?>
<testng-results ignored="0" total="3" passed="3" failed="0" skipped="0">
  <reporter-output>
  </reporter-output>
  <suite started-at="2024-05-17T10:27:03Z" name="Suite" finished-at="2024-05-17T10:30:17Z" duration-ms="194454">
    <groups>
      <group name="smokeTest">
        <method signature="CreateContactTest.CreateConatctTest()[pri:0, instance:com.comcast.crm.contactAllTest.CreateContactTest@600b90df]" name="CreateConatctTest" class="com.comcast.crm.contactAllTest.CreateContactTest"/>
      </group> <!-- smokeTest -->
      <group name="RegreesionTest">
        <method signature="CreateContactTest.createContactWithOrgTest()[pri:0, instance:com.comcast.crm.contactAllTest.CreateContactTest@600b90df]" name="createContactWithOrgTest" class="com.comcast.crm.contactAllTest.CreateContactTest"/>
        <method signature="CreateContactTest.createContactWithSupportDateTest()[pri:0, instance:com.comcast.crm.contactAllTest.CreateContactTest@600b90df]" name="createContactWithSupportDateTest" class="com.comcast.crm.contactAllTest.CreateContactTest"/>
      </group> <!-- RegreesionTest -->
    </groups>
    <test started-at="2024-05-17T10:27:03Z" name="Test" finished-at="2024-05-17T10:30:17Z" duration-ms="194454">
      <class name="com.comcast.crm.contactAllTest.CreateContactTest">
        <test-method is-config="true" signature="configbeforesuit()[pri:0, instance:com.comcast.crm.contactAllTest.CreateContactTest@600b90df]" started-at="2024-05-17T10:27:02Z" name="configbeforesuit" finished-at="2024-05-17T10:27:03Z" duration-ms="622" status="PASS">
          <reporter-output>
          </reporter-output>
        </test-method> <!-- configbeforesuit -->
        <test-method is-config="true" signature="configbeforeclass()[pri:0, instance:com.comcast.crm.contactAllTest.CreateContactTest@600b90df]" started-at="2024-05-17T10:27:03Z" name="configbeforeclass" finished-at="2024-05-17T10:27:15Z" duration-ms="12477" status="PASS">
          <reporter-output>
          </reporter-output>
        </test-method> <!-- configbeforeclass -->
        <test-method is-config="true" signature="beforeMethod()[pri:0, instance:com.comcast.crm.contactAllTest.CreateContactTest@600b90df]" started-at="2024-05-17T10:27:15Z" name="beforeMethod" finished-at="2024-05-17T10:27:50Z" duration-ms="34935" status="PASS">
          <reporter-output>
          </reporter-output>
        </test-method> <!-- beforeMethod -->
        <test-method signature="CreateConatctTest()[pri:0, instance:com.comcast.crm.contactAllTest.CreateContactTest@600b90df]" started-at="2024-05-17T10:27:50Z" name="CreateConatctTest" finished-at="2024-05-17T10:28:56Z" duration-ms="66166" status="PASS">
          <reporter-output>
          </reporter-output>
        </test-method> <!-- CreateConatctTest -->
        <test-method is-config="true" signature="afterMethod()[pri:0, instance:com.comcast.crm.contactAllTest.CreateContactTest@600b90df]" started-at="2024-05-17T10:28:56Z" name="afterMethod" finished-at="2024-05-17T10:29:01Z" duration-ms="4564" status="PASS">
          <reporter-output>
          </reporter-output>
        </test-method> <!-- afterMethod -->
        <test-method is-config="true" signature="beforeMethod()[pri:0, instance:com.comcast.crm.contactAllTest.CreateContactTest@600b90df]" started-at="2024-05-17T10:29:01Z" name="beforeMethod" finished-at="2024-05-17T10:29:06Z" duration-ms="4606" status="PASS">
          <reporter-output>
          </reporter-output>
        </test-method> <!-- beforeMethod -->
        <test-method signature="createContactWithOrgTest()[pri:0, instance:com.comcast.crm.contactAllTest.CreateContactTest@600b90df]" started-at="2024-05-17T10:29:06Z" name="createContactWithOrgTest" finished-at="2024-05-17T10:29:47Z" duration-ms="41103" status="PASS">
          <reporter-output>
          </reporter-output>
        </test-method> <!-- createContactWithOrgTest -->
        <test-method is-config="true" signature="afterMethod()[pri:0, instance:com.comcast.crm.contactAllTest.CreateContactTest@600b90df]" started-at="2024-05-17T10:29:47Z" name="afterMethod" finished-at="2024-05-17T10:29:49Z" duration-ms="2471" status="PASS">
          <reporter-output>
          </reporter-output>
        </test-method> <!-- afterMethod -->
        <test-method is-config="true" signature="beforeMethod()[pri:0, instance:com.comcast.crm.contactAllTest.CreateContactTest@600b90df]" started-at="2024-05-17T10:29:49Z" name="beforeMethod" finished-at="2024-05-17T10:29:54Z" duration-ms="4976" status="PASS">
          <reporter-output>
          </reporter-output>
        </test-method> <!-- beforeMethod -->
        <test-method signature="createContactWithSupportDateTest()[pri:0, instance:com.comcast.crm.contactAllTest.CreateContactTest@600b90df]" started-at="2024-05-17T10:29:54Z" name="createContactWithSupportDateTest" finished-at="2024-05-17T10:30:14Z" duration-ms="19931" status="PASS">
          <reporter-output>
          </reporter-output>
        </test-method> <!-- createContactWithSupportDateTest -->
        <test-method is-config="true" signature="afterMethod()[pri:0, instance:com.comcast.crm.contactAllTest.CreateContactTest@600b90df]" started-at="2024-05-17T10:30:14Z" name="afterMethod" finished-at="2024-05-17T10:30:17Z" duration-ms="2630" status="PASS">
          <reporter-output>
          </reporter-output>
        </test-method> <!-- afterMethod -->
        <test-method is-config="true" signature="Afterclass()[pri:0, instance:com.comcast.crm.contactAllTest.CreateContactTest@600b90df]" started-at="2024-05-17T10:30:17Z" name="Afterclass" finished-at="2024-05-17T10:30:17Z" duration-ms="544" status="PASS">
          <reporter-output>
          </reporter-output>
        </test-method> <!-- Afterclass -->
        <test-method is-config="true" signature="aftersuit()[pri:0, instance:com.comcast.crm.contactAllTest.CreateContactTest@600b90df]" started-at="2024-05-17T10:30:17Z" name="aftersuit" finished-at="2024-05-17T10:30:17Z" duration-ms="11" status="PASS">
          <reporter-output>
          </reporter-output>
        </test-method> <!-- aftersuit -->
      </class> <!-- com.comcast.crm.contactAllTest.CreateContactTest -->
    </test> <!-- Test -->
  </suite> <!-- Suite -->
</testng-results>
